<?xml version="1.0" encoding="UTF-8"?>
<!-- Generated by org.testng.reporters.JUnitXMLReporter -->
<testsuite ignored="0" hostname="DESKTOP-7J7B4TH" failures="0" tests="3" name="Default test" time="101.564" errors="0" timestamp="2023-10-02T15:50:08 IST">
  <testcase classname="scripts.test_webpage" name="add" time="43.972"/>
  <testcase classname="scripts.test_webpage" name="mul" time="36.206"/>
  <testcase classname="scripts.test_webpage" name="zo" time="21.302"/>
</testsuite> <!-- Default test -->
