<?xml version="1.0" encoding="UTF-8"?>
<!-- Generated by org.testng.reporters.JUnitXMLReporter -->
<testsuite ignored="0" hostname="DESKTOP-7J7B4TH" failures="0" tests="8" name="Test" time="275.317" errors="0" timestamp="2023-10-03T14:49:02 IST">
  <testcase classname="Sample.Flipkart" name="add" time="74.674"/>
  <testcase classname="Sample.irctc" name="add" time="33.622"/>
  <testcase classname="Sample.jiocinema" name="add" time="31.13"/>
  <testcase classname="Sample.Ajio" name="add" time="35.302"/>
  <testcase classname="Sample.HMS" name="add" time="19.896"/>
  <testcase classname="Sample.myntra" name="add" time="37.449"/>
  <testcase classname="Sample.Amazon" name="add" time="20.386"/>
  <testcase classname="Sample.jiosavan" name="add" time="22.76"/>
</testsuite> <!-- Test -->
