<?xml version="1.0" encoding="UTF-8"?>
<testng-results ignored="0" total="3" passed="3" failed="0" skipped="0">
  <reporter-output>
  </reporter-output>
  <suite started-at="2023-10-02T15:48:27 IST" name="Default suite" finished-at="2023-10-02T15:50:08 IST" duration-ms="101564">
    <groups>
    </groups>
    <test started-at="2023-10-02T15:48:27 IST" name="Default test" finished-at="2023-10-02T15:50:08 IST" duration-ms="101564">
      <class name="scripts.test_webpage">
        <test-method signature="add()[pri:0, instance:scripts.test_webpage@d5b810e]" started-at="2023-10-02T15:48:27 IST" name="add" finished-at="2023-10-02T15:49:11 IST" duration-ms="43972" status="PASS">
          <reporter-output>
          </reporter-output>
        </test-method> <!-- add -->
        <test-method signature="mul()[pri:0, instance:scripts.test_webpage@d5b810e]" started-at="2023-10-02T15:49:11 IST" name="mul" finished-at="2023-10-02T15:49:47 IST" duration-ms="36206" status="PASS">
          <reporter-output>
          </reporter-output>
        </test-method> <!-- mul -->
        <test-method signature="zo()[pri:0, instance:scripts.test_webpage@d5b810e]" started-at="2023-10-02T15:49:47 IST" name="zo" finished-at="2023-10-02T15:50:08 IST" duration-ms="21302" status="PASS">
          <reporter-output>
          </reporter-output>
        </test-method> <!-- zo -->
      </class> <!-- scripts.test_webpage -->
    </test> <!-- Default test -->
  </suite> <!-- Default suite -->
</testng-results>
